生成启动时间为 2017/4/15 14:09:17。
     1>项目“F:\MyWork\01_大一\01_C语言\03_C语言项目\03_多边形画图程序\Project3\Project3.vcxproj”在节点 2 上(build 个目标)。
     1>InitializeBuildStatus:
         正在创建“Debug\Project3.unsuccessfulbuild”，因为已指定“AlwaysCreate”。
       ClCompile:
         所有输出均为最新。
         d:\Visual Studio 2010\VC\bin\CL.exe /c /ZI /nologo /W3 /WX- /Od /Oy- /D WIN32 /D _DEBUG /D _WINDOWS /D _MBCS /Gm /EHsc /RTC1 /MDd /GS /fp:precise /Zc:wchar_t /Zc:forScope /Yu"StdAfx.h" /Fp"Debug\Project3.pch" /Fo"Debug\\" /Fd"Debug\vc100.pdb" /Gd /TP /analyze- /errorReport:prompt Project3.cpp
         Project3.cpp
     1>f:\mywork\01_大一\01_c语言\03_c语言项目\03_多边形画图程序\project3\project3.cpp(234): warning C4244: “=”: 从“double”转换到“LONG”，可能丢失数据
     1>f:\mywork\01_大一\01_c语言\03_c语言项目\03_多边形画图程序\project3\project3.cpp(235): warning C4244: “=”: 从“double”转换到“LONG”，可能丢失数据
     1>f:\mywork\01_大一\01_c语言\03_c语言项目\03_多边形画图程序\project3\project3.cpp(245): warning C4715: “WndProc”: 不是所有的控件路径都返回值
       ResourceCompile:
         所有输出均为最新。
       ManifestResourceCompile:
         所有输出均为最新。
       Link:
         d:\Visual Studio 2010\VC\bin\link.exe /ERRORREPORT:PROMPT /OUT:"F:\MyWork\01_大一\01_C语言\03_C语言项目\03_多边形画图程序\Debug\Project3.exe" /INCREMENTAL /NOLOGO kernel32.lib user32.lib gdi32.lib winspool.lib comdlg32.lib advapi32.lib shell32.lib ole32.lib oleaut32.lib uuid.lib odbc32.lib odbccp32.lib /MANIFEST /ManifestFile:"Debug\Project3.exe.intermediate.manifest" /MANIFESTUAC:"level='asInvoker' uiAccess='false'" /DEBUG /PDB:"F:\MyWork\01_大一\01_C语言\03_C语言项目\03_多边形画图程序\Debug\Project3.pdb" /SUBSYSTEM:WINDOWS /TLBID:1 /DYNAMICBASE /NXCOMPAT /IMPLIB:"F:\MyWork\01_大一\01_C语言\03_C语言项目\03_多边形画图程序\Debug\Project3.lib" /MACHINE:X86 Debug\Project3.res
         Debug\Project3.exe.embed.manifest.res
         Debug\Move_VK.obj
         Debug\Project3.obj
         Debug\stdafx.obj
       Manifest:
         C:\Program Files (x86)\Microsoft SDKs\Windows\v7.0A\bin\mt.exe /nologo /verbose /out:"Debug\Project3.exe.embed.manifest" /manifest Debug\Project3.exe.intermediate.manifest
         所有输出均为最新。
       LinkEmbedManifest:
         所有输出均为最新。
         Project3.vcxproj -> F:\MyWork\01_大一\01_C语言\03_C语言项目\03_多边形画图程序\Debug\Project3.exe
       FinalizeBuildStatus:
         正在删除文件“Debug\Project3.unsuccessfulbuild”。
         正在对“Debug\Project3.lastbuildstate”执行 Touch 任务。
     1>已完成生成项目“F:\MyWork\01_大一\01_C语言\03_C语言项目\03_多边形画图程序\Project3\Project3.vcxproj”(build 个目标)的操作。

生成成功。

已用时间 00:00:00.66
