E:\MYWORK\C\PROJECT\PROJECT3\DEBUG\PROJECT3.EXE
E:\MYWORK\C\PROJECT\PROJECT3\DEBUG\PROJECT3.ILK
E:\MYWORK\C\PROJECT\PROJECT3\DEBUG\PROJECT3.PDB
E:\MYWORK\C\PROJECT\PROJECT3\PROJECT3\DEBUG\MOVE_VK.OBJ
E:\MYWORK\C\PROJECT\PROJECT3\PROJECT3\DEBUG\PROJECT3.EXE.EMBED.MANIFEST.RES
E:\MYWORK\C\PROJECT\PROJECT3\PROJECT3\DEBUG\PROJECT3.EXE.INTERMEDIATE.MANIFEST
E:\MYWORK\C\PROJECT\PROJECT3\PROJECT3\DEBUG\PROJECT3.OBJ
E:\MYWORK\C\PROJECT\PROJECT3\PROJECT3\DEBUG\PROJECT3.PCH
E:\MYWORK\C\PROJECT\PROJECT3\PROJECT3\DEBUG\PROJECT3.RES
E:\MYWORK\C\PROJECT\PROJECT3\PROJECT3\DEBUG\STDAFX.OBJ
E:\MYWORK\C\PROJECT\PROJECT3\PROJECT3\DEBUG\VC100.PDB
F:\MYWORK\01_大一\01_C语言\03_C语言项目\03_多边形画图程序\DEBUG\PROJECT3.EXE
F:\MYWORK\01_大一\01_C语言\03_C语言项目\03_多边形画图程序\DEBUG\PROJECT3.ILK
F:\MYWORK\01_大一\01_C语言\03_C语言项目\03_多边形画图程序\DEBUG\PROJECT3.PDB
F:\MyWork\01_大一\01_C语言\03_C语言项目\03_多边形画图程序\Project3\Debug\cl.command.1.tlog
F:\MyWork\01_大一\01_C语言\03_C语言项目\03_多边形画图程序\Project3\Debug\CL.read.1.tlog
F:\MyWork\01_大一\01_C语言\03_C语言项目\03_多边形画图程序\Project3\Debug\CL.write.1.tlog
F:\MyWork\01_大一\01_C语言\03_C语言项目\03_多边形画图程序\Project3\Debug\link.command.1.tlog
F:\MyWork\01_大一\01_C语言\03_C语言项目\03_多边形画图程序\Project3\Debug\link.read.1.tlog
F:\MyWork\01_大一\01_C语言\03_C语言项目\03_多边形画图程序\Project3\Debug\link.write.1.tlog
F:\MyWork\01_大一\01_C语言\03_C语言项目\03_多边形画图程序\Project3\Debug\link-cvtres.read.1.tlog
F:\MyWork\01_大一\01_C语言\03_C语言项目\03_多边形画图程序\Project3\Debug\link-cvtres.write.1.tlog
F:\MYWORK\01_大一\01_C语言\03_C语言项目\03_多边形画图程序\PROJECT3\DEBUG\MOVE_VK.OBJ
F:\MyWork\01_大一\01_C语言\03_C语言项目\03_多边形画图程序\Project3\Debug\mt.command.1.tlog
F:\MyWork\01_大一\01_C语言\03_C语言项目\03_多边形画图程序\Project3\Debug\mt.read.1.tlog
F:\MyWork\01_大一\01_C语言\03_C语言项目\03_多边形画图程序\Project3\Debug\mt.write.1.tlog
F:\MyWork\01_大一\01_C语言\03_C语言项目\03_多边形画图程序\Project3\Debug\Project3.exe.embed.manifest
F:\MYWORK\01_大一\01_C语言\03_C语言项目\03_多边形画图程序\PROJECT3\DEBUG\PROJECT3.EXE.EMBED.MANIFEST.RES
F:\MYWORK\01_大一\01_C语言\03_C语言项目\03_多边形画图程序\PROJECT3\DEBUG\PROJECT3.EXE.INTERMEDIATE.MANIFEST
F:\MYWORK\01_大一\01_C语言\03_C语言项目\03_多边形画图程序\PROJECT3\DEBUG\PROJECT3.OBJ
F:\MYWORK\01_大一\01_C语言\03_C语言项目\03_多边形画图程序\PROJECT3\DEBUG\PROJECT3.PCH
F:\MYWORK\01_大一\01_C语言\03_C语言项目\03_多边形画图程序\PROJECT3\DEBUG\PROJECT3.RES
F:\MyWork\01_大一\01_C语言\03_C语言项目\03_多边形画图程序\Project3\Debug\Project3.vcxprojResolveAssemblyReference.cache
F:\MyWork\01_大一\01_C语言\03_C语言项目\03_多边形画图程序\Project3\Debug\Project3.write.1.tlog
F:\MyWork\01_大一\01_C语言\03_C语言项目\03_多边形画图程序\Project3\Debug\Project3_manifest.rc
F:\MyWork\01_大一\01_C语言\03_C语言项目\03_多边形画图程序\Project3\Debug\rc.command.1.tlog
F:\MyWork\01_大一\01_C语言\03_C语言项目\03_多边形画图程序\Project3\Debug\rc.read.1.tlog
F:\MyWork\01_大一\01_C语言\03_C语言项目\03_多边形画图程序\Project3\Debug\rc.write.1.tlog
F:\MYWORK\01_大一\01_C语言\03_C语言项目\03_多边形画图程序\PROJECT3\DEBUG\STDAFX.OBJ
F:\MyWork\01_大一\01_C语言\03_C语言项目\03_多边形画图程序\Project3\Debug\vc100.idb
F:\MYWORK\01_大一\01_C语言\03_C语言项目\03_多边形画图程序\PROJECT3\DEBUG\VC100.PDB
F:\MYWORK\C\PROJECT\PROJECT3\DEBUG\PROJECT3.EXE
F:\MYWORK\C\PROJECT\PROJECT3\DEBUG\PROJECT3.ILK
F:\MYWORK\C\PROJECT\PROJECT3\DEBUG\PROJECT3.PDB
F:\MYWORK\C\PROJECT\PROJECT3\PROJECT3\DEBUG\MOVE_VK.OBJ
F:\MYWORK\C\PROJECT\PROJECT3\PROJECT3\DEBUG\PROJECT3.EXE.EMBED.MANIFEST.RES
F:\MYWORK\C\PROJECT\PROJECT3\PROJECT3\DEBUG\PROJECT3.EXE.INTERMEDIATE.MANIFEST
F:\MYWORK\C\PROJECT\PROJECT3\PROJECT3\DEBUG\PROJECT3.OBJ
F:\MYWORK\C\PROJECT\PROJECT3\PROJECT3\DEBUG\PROJECT3.PCH
F:\MYWORK\C\PROJECT\PROJECT3\PROJECT3\DEBUG\PROJECT3.RES
F:\MYWORK\C\PROJECT\PROJECT3\PROJECT3\DEBUG\STDAFX.OBJ
F:\MYWORK\C\PROJECT\PROJECT3\PROJECT3\DEBUG\VC100.PDB
G:\C\PROJECT\PROJECT3\DEBUG\PROJECT3.EXE
G:\C\PROJECT\PROJECT3\DEBUG\PROJECT3.ILK
G:\C\PROJECT\PROJECT3\DEBUG\PROJECT3.PDB
G:\C\PROJECT\PROJECT3\PROJECT3\DEBUG\MOVE_VK.OBJ
G:\C\PROJECT\PROJECT3\PROJECT3\DEBUG\PROJECT3.EXE.EMBED.MANIFEST
G:\C\PROJECT\PROJECT3\PROJECT3\DEBUG\PROJECT3.EXE.EMBED.MANIFEST.RES
G:\C\PROJECT\PROJECT3\PROJECT3\DEBUG\PROJECT3.EXE.INTERMEDIATE.MANIFEST
G:\C\PROJECT\PROJECT3\PROJECT3\DEBUG\PROJECT3.OBJ
G:\C\PROJECT\PROJECT3\PROJECT3\DEBUG\PROJECT3.PCH
G:\C\PROJECT\PROJECT3\PROJECT3\DEBUG\PROJECT3.RES
G:\C\PROJECT\PROJECT3\PROJECT3\DEBUG\STDAFX.OBJ
G:\C\PROJECT\PROJECT3\PROJECT3\DEBUG\VC100.PDB
